This is pdfTeX, Version 3.14159265-2.6-1.40.17 (MiKTeX 2.9 64-bit) (preloaded format=pdftex 2016.8.8)  31 OCT 2016 21:44
entering extended mode
**"C:/Ifes_20162/Anteprojeto 20162/Material/LATEX2IFES/TCC_Especializacao_Mestr
ado_Doutorado/referencias.bib"

("C:/Ifes_20162/Anteprojeto 20162/Material/LATEX2IFES/TCC_Especializacao_Mestra
do_Doutorado/referencias.bib"
Missing character: There is no Ã in font cmr10!
Missing character: There is no § in font cmr10!
Missing character: There is no Ã in font cmr10!
Missing character: There is no £ in font cmr10!
Missing character: There is no Ã in font cmr10!
Missing character: There is no ¡ in font cmr10!

! Too many }'s.
l.30 }
      
? q
OK, entering \batchmode...
Missing character: There is no Ã in font cmr10!
Missing character: There is no ­ in font cmr10!
Missing character: There is no Ã in font cmr10!
Missing character: There is no ­ in font cmr10!

Overfull \hbox (5.67654pt too wide) in paragraph at lines 67--80
\tenrm AIDS@Home, sis-tema dis-tribudo, grade com-puta-cional, grid com-put-i
ng, World Com-mu-nity Grid, Lastchecked|

\hbox(6.94444+1.94444)x469.75499, glue set - 1.0
.\tenrm A
.\tenrm I
.\tenrm D
.\tenrm S
.\tenrm @
.etc.


Overfull \hbox (37.80623pt too wide) in paragraph at lines 67--80
\tenrm = 1 jun. 2011, Note = , Or-ga-ni-za-tion = World Com-mu-nity Grid, Ti-tl
e = , Url = http://www.fsf.org/licenses/gpl.html,|

\hbox(7.5+2.5)x469.75499, glue set - 1.0
.\tenrm =
.\glue 3.33333 plus 1.66666 minus 1.11111
.\tenrm 1
.\glue 3.33333 plus 1.66666 minus 1.11111
.\tenrm j
.etc.


Overfull \hbox (68.71844pt too wide) in paragraph at lines 98--111
\tenrm 17:33:46 -0300, How-pub-lished = Dispon[]ivel em $\teni <$\tenrm http://
www.icmc.usp.br/pessoas/francisco/SME0121/material/latex.pdf$\teni >$\tenrm ,|

\hbox(9.31749+2.5)x469.75499, glue set - 1.0
.\tenrm 1
.\tenrm 7
.\tenrm :
.\tenrm 3
.\tenrm 3
.etc.


Overfull \hbox (61.5517pt too wide) in paragraph at lines 114--127
\tenrm 0300, Date-Modified = 2011-06-06 17:33:46 -0300, How-pub-lished = Dispon
[]ivel em $\teni <$\tenrm http://www.fsf.org/licenses/gpl.html$\teni >$\tenrm ,
|

\hbox(9.31749+2.5)x469.75499, glue set - 1.0
.\tenrm 0
.\tenrm 3
.\tenrm 0
.\tenrm 0
.\tenrm ,
.etc.


Overfull \hbox (2.52368pt too wide) in paragraph at lines 130--143
[]\tenrm @electronicTexmaker, Au-thor = TEX-MAKER., Date-Added = 2011-06-06 17:
33:21 -0300, Date-Modified|

\hbox(6.94444+1.94444)x469.75499, glue set - 1.0
.\hbox(0.0+0.0)x20.0
.\tenrm @
.\tenrm e
.\tenrm l
.\tenrm e
.etc.


Overfull \hbox (5.35709pt too wide) in paragraph at lines 145--158
\tenrm Date-Modified = 2011-06-06 17:33:46 -0300, How-pub-lished = Dispon[]ivel
 em $\teni <$\tenrm http://www.texniccenter.org/$\teni >$\tenrm ,|

\hbox(9.31749+2.5)x469.75499, glue set - 1.0
.\tenrm D
.\tenrm a
.\tenrm t
.\tenrm e
.\tenrm -
.etc.

 [1{C:/ProgramData/MiKTeX/2.9/pdftex/config/pdftex.map}]
Overfull \hbox (3.24591pt too wide) in paragraph at lines 176--189
[]\tenrm @electronicTexstudio, Au-thor = TEXS-TU-DIO., Date-Added = 2011-06-06 
17:33:21 -0300, Date-Modified|

\hbox(6.94444+1.94444)x469.75499, glue set - 1.0
.\hbox(0.0+0.0)x20.0
.\tenrm @
.\tenrm e
.\tenrm l
.\tenrm e
.etc.


Overfull \hbox (0.77367pt too wide) in paragraph at lines 191--204
[]\tenrm @electronicTexworks, Au-thor = TEX-WORKS., Date-Added = 2011-06-06 17:
33:21 -0300, Date-Modified|

\hbox(6.94444+1.94444)x469.75499, glue set - 1.0
.\hbox(0.0+0.0)x20.0
.\tenrm @
.\tenrm e
.\tenrm l
.\tenrm e
.etc.


Overfull \hbox (92.44518pt too wide) in paragraph at lines 191--204
\tenrm Lastchecked = 1 jun. 2011, Note = , Or-ga-ni-za-tion = World Com-mu-nity
 Grid, Ti-tle = , Url = http://www.fsf.org/licenses/gpl.html,|

\hbox(7.5+2.5)x469.75499, glue set - 1.0
.\tenrm L
.\tenrm a
.\tenrm s
.\tenrm t
.\tenrm c
.etc.


Overfull \hbox (92.44518pt too wide) in paragraph at lines 206--219
\tenrm Lastchecked = 1 jun. 2011, Note = , Or-ga-ni-za-tion = World Com-mu-nity
 Grid, Ti-tle = , Url = http://www.fsf.org/licenses/gpl.html,|

\hbox(7.5+2.5)x469.75499, glue set - 1.0
.\tenrm L
.\tenrm a
.\tenrm s
.\tenrm t
.\tenrm c
.etc.


Overfull \hbox (92.44518pt too wide) in paragraph at lines 220--233
\tenrm Lastchecked = 1 jun. 2011, Note = , Or-ga-ni-za-tion = World Com-mu-nity
 Grid, Ti-tle = , Url = http://www.fsf.org/licenses/gpl.html,|

\hbox(7.5+2.5)x469.75499, glue set - 1.0
.\tenrm L
.\tenrm a
.\tenrm s
.\tenrm t
.\tenrm c
.etc.

Missing character: There is no Ã in font cmr10!
Missing character: There is no ‡ in font cmr10!
Missing character: There is no Ã in font cmr10!
Missing character: There is no ƒ in font cmr10!
Missing character: There is no Ã in font cmr10!
Missing character: There is no ‰ in font cmr10!
Missing character: There is no Ã in font cmr10!
Missing character: There is no ­ in font cmr10!
Missing character: There is no Ã in font cmr10!
Missing character: There is no ­ in font cmr10!
)
! Emergency stop.
<*> ...lizacao_Mestrado_Doutorado/referencias.bib"
                                                  
*** (job aborted, no legal \end found)

!  ==> Fatal error occurred, no output PDF file produced!
